Using pre-set license
Built from '2022.3/release' branch; Version is '2022.3.12f1 (4fe6e059c7ef) revision 5236448'; Using compiler version '192829333'; Build Type 'Release'
OS: 'Windows 11  (10.0.22621) 64bit Core' Language: 'ko' Physical Memory: 15943 MB
BatchMode: 1, IsHumanControllingUs: 0, StartBugReporterOnCrash: 0, Is64bit: 1, IsPro: 1

COMMAND LINE ARGUMENTS:
C:\Program Files\Unity\Hub\Editor\2022.3.12f1\Editor\Unity.exe
-adb2
-batchMode
-noUpm
-name
AssetImportWorker2
-projectPath
C:/Users/kde78/Documents/GitHub/OctopusWar/OctopusWar
-logFile
Logs/AssetImportWorker2.log
-srvPort
54142
Successfully changed project path to: C:/Users/kde78/Documents/GitHub/OctopusWar/OctopusWar
C:/Users/kde78/Documents/GitHub/OctopusWar/OctopusWar
[UnityMemory] Configuration Parameters - Can be set up in boot.config
    "memorysetup-bucket-allocator-granularity=16"
    "memorysetup-bucket-allocator-bucket-count=8"
    "memorysetup-bucket-allocator-block-size=33554432"
    "memorysetup-bucket-allocator-block-count=8"
    "memorysetup-main-allocator-block-size=16777216"
    "memorysetup-thread-allocator-block-size=16777216"
    "memorysetup-gfx-main-allocator-block-size=16777216"
    "memorysetup-gfx-thread-allocator-block-size=16777216"
    "memorysetup-cache-allocator-block-size=4194304"
    "memorysetup-typetree-allocator-block-size=2097152"
    "memorysetup-profiler-bucket-allocator-granularity=16"
    "memorysetup-profiler-bucket-allocator-bucket-count=8"
    "memorysetup-profiler-bucket-allocator-block-size=33554432"
    "memorysetup-profiler-bucket-allocator-block-count=8"
    "memorysetup-profiler-allocator-block-size=16777216"
    "memorysetup-profiler-editor-allocator-block-size=1048576"
    "memorysetup-temp-allocator-size-main=16777216"
    "memorysetup-job-temp-allocator-block-size=2097152"
    "memorysetup-job-temp-allocator-block-size-background=1048576"
    "memorysetup-job-temp-allocator-reduction-small-platforms=262144"
    "memorysetup-allocator-temp-initial-block-size-main=262144"
    "memorysetup-allocator-temp-initial-block-size-worker=262144"
    "memorysetup-temp-allocator-size-background-worker=32768"
    "memorysetup-temp-allocator-size-job-worker=262144"
    "memorysetup-temp-allocator-size-preload-manager=33554432"
    "memorysetup-temp-allocator-size-nav-mesh-worker=65536"
    "memorysetup-temp-allocator-size-audio-worker=65536"
    "memorysetup-temp-allocator-size-cloud-worker=32768"
    "memorysetup-temp-allocator-size-gi-baking-worker=262144"
    "memorysetup-temp-allocator-size-gfx=262144"
Player connection [2444] Host "[IP] 192.168.187.1 [Port] 0 [Flags] 2 [Guid] 1488804065 [EditorId] 1488804065 [Version] 1048832 [Id] WindowsEditor(7,BOOK-0D3JPFL73H) [Debug] 1 [PackageName] WindowsEditor [ProjectName] Editor" joined multi-casting on [225.0.0.222:54997]...

Player connection [2444] Host "[IP] 192.168.187.1 [Port] 0 [Flags] 2 [Guid] 1488804065 [EditorId] 1488804065 [Version] 1048832 [Id] WindowsEditor(7,BOOK-0D3JPFL73H) [Debug] 1 [PackageName] WindowsEditor [ProjectName] Editor" joined alternative multi-casting on [225.0.0.222:34997]...

[Physics::Module] Initialized MultithreadedJobDispatcher with 15 workers.
Refreshing native plugins compatible for Editor in 17.88 ms, found 3 plugins.
Preloading 0 native plugins for Editor in 0.00 ms.
Initialize engine version: 2022.3.12f1 (4fe6e059c7ef)
[Subsystems] Discovering subsystems at path C:/Program Files/Unity/Hub/Editor/2022.3.12f1/Editor/Data/Resources/UnitySubsystems
[Subsystems] Discovering subsystems at path C:/Users/kde78/Documents/GitHub/OctopusWar/OctopusWar/Assets
GfxDevice: creating device client; threaded=0; jobified=0
Direct3D:
    Version:  Direct3D 11.0 [level 11.1]
    Renderer: Intel(R) Iris(R) Xe Graphics (ID=0xa7a0)
    Vendor:   Intel
    VRAM:     7971 MB
    Driver:   31.0.101.4314
Initialize mono
Mono path[0] = 'C:/Program Files/Unity/Hub/Editor/2022.3.12f1/Editor/Data/Managed'
Mono path[1] = 'C:/Program Files/Unity/Hub/Editor/2022.3.12f1/Editor/Data/MonoBleedingEdge/lib/mono/unityjit-win32'
Mono config path = 'C:/Program Files/Unity/Hub/Editor/2022.3.12f1/Editor/Data/MonoBleedingEdge/etc'
Using monoOptions --debugger-agent=transport=dt_socket,embedding=1,server=y,suspend=n,address=127.0.0.1:56448
Begin MonoManager ReloadAssembly
Registering precompiled unity dll's ...
Register platform support module: C:/Program Files/Unity/Hub/Editor/2022.3.12f1/Editor/Data/PlaybackEngines/WebGLSupport/UnityEditor.WebGL.Extensions.dll
Register platform support module: C:/Program Files/Unity/Hub/Editor/2022.3.12f1/Editor/Data/PlaybackEngines/AndroidPlayer/UnityEditor.Android.Extensions.dll
Register platform support module: C:/Program Files/Unity/Hub/Editor/2022.3.12f1/Editor/Data/PlaybackEngines/iOSSupport/UnityEditor.iOS.Extensions.dll
Register platform support module: C:/Program Files/Unity/Hub/Editor/2022.3.12f1/Editor/Data/PlaybackEngines/WindowsStandaloneSupport/UnityEditor.WindowsStandalone.Extensions.dll
Registered in 0.017843 seconds.
- Loaded All Assemblies, in  0.397 seconds
Native extension for WindowsStandalone target not found
[usbmuxd] Start listen thread
[usbmuxd] Listen thread started
Native extension for iOS target not found
Native extension for Android target not found
Android Extension - Scanning For ADB Devices 443 ms
Native extension for WebGL target not found
Mono: successfully reloaded assembly
- Finished resetting the current domain, in  0.763 seconds
Domain Reload Profiling: 1158ms
	BeginReloadAssembly (119ms)
		ExecutionOrderSort (0ms)
		DisableScriptedObjects (0ms)
		BackupInstance (0ms)
		ReleaseScriptingObjects (0ms)
		CreateAndSetChildDomain (1ms)
	RebuildCommonClasses (41ms)
	RebuildNativeTypeToScriptingClass (15ms)
	initialDomainReloadingComplete (72ms)
	LoadAllAssembliesAndSetupDomain (147ms)
		LoadAssemblies (118ms)
		RebuildTransferFunctionScriptingTraits (0ms)
		AnalyzeDomain (144ms)
			TypeCache.Refresh (143ms)
				TypeCache.ScanAssembly (130ms)
			ScanForSourceGeneratedMonoScriptInfo (0ms)
			ResolveRequiredComponents (0ms)
	FinalizeReload (764ms)
		ReleaseScriptCaches (0ms)
		RebuildScriptCaches (0ms)
		SetupLoadedEditorAssemblies (709ms)
			LogAssemblyErrors (0ms)
			InitializePlatformSupportModulesInManaged (566ms)
			SetLoadedEditorAssemblies (5ms)
			RefreshPlugins (0ms)
			BeforeProcessingInitializeOnLoad (2ms)
			ProcessInitializeOnLoadAttributes (93ms)
			ProcessInitializeOnLoadMethodAttributes (44ms)
			AfterProcessingInitializeOnLoad (0ms)
			EditorAssembliesLoaded (0ms)
		ExecutionOrderSort2 (0ms)
		AwakeInstancesAfterBackupRestoration (0ms)
========================================================================
Worker process is ready to serve import requests
Begin MonoManager ReloadAssembly
- Loaded All Assemblies, in  0.836 seconds
Refreshing native plugins compatible for Editor in 4.79 ms, found 3 plugins.
Native extension for WindowsStandalone target not found
Native extension for iOS target not found
Native extension for Android target not found
Native extension for WebGL target not found
Package Manager log level set to [2]
[Package Manager] Server::EnsureServerProcessIsRunning -- launch failed, reason: Unity was launched with the -noUpm command-line argument
[Package Manager] UpmClient::Send -- Unable to send message (not connected to UPM process).
[Package Manager] Cannot connect to Unity Package Manager local server
Mono: successfully reloaded assembly
- Finished resetting the current domain, in  0.659 seconds
Domain Reload Profiling: 1492ms
	BeginReloadAssembly (153ms)
		ExecutionOrderSort (0ms)
		DisableScriptedObjects (5ms)
		BackupInstance (0ms)
		ReleaseScriptingObjects (0ms)
		CreateAndSetChildDomain (23ms)
	RebuildCommonClasses (30ms)
	RebuildNativeTypeToScriptingClass (9ms)
	initialDomainReloadingComplete (57ms)
	LoadAllAssembliesAndSetupDomain (583ms)
		LoadAssemblies (453ms)
		RebuildTransferFunctionScriptingTraits (0ms)
		AnalyzeDomain (221ms)
			TypeCache.Refresh (191ms)
				TypeCache.ScanAssembly (169ms)
			ScanForSourceGeneratedMonoScriptInfo (18ms)
			ResolveRequiredComponents (10ms)
	FinalizeReload (660ms)
		ReleaseScriptCaches (0ms)
		RebuildScriptCaches (0ms)
		SetupLoadedEditorAssemblies (481ms)
			LogAssemblyErrors (0ms)
			InitializePlatformSupportModulesInManaged (50ms)
			SetLoadedEditorAssemblies (4ms)
			RefreshPlugins (0ms)
			BeforeProcessingInitializeOnLoad (74ms)
			ProcessInitializeOnLoadAttributes (318ms)
			ProcessInitializeOnLoadMethodAttributes (25ms)
			AfterProcessingInitializeOnLoad (9ms)
			EditorAssembliesLoaded (0ms)
		ExecutionOrderSort2 (0ms)
		AwakeInstancesAfterBackupRestoration (9ms)
Launched and connected shader compiler UnityShaderCompiler.exe after 0.16 seconds
Refreshing native plugins compatible for Editor in 4.32 ms, found 3 plugins.
Preloading 0 native plugins for Editor in 0.00 ms.
Unloading 3377 Unused Serialized files (Serialized files now loaded: 0)
Unloading 39 unused Assets / (59.9 KB). Loaded Objects now: 3838.
Memory consumption went from 137.2 MB to 137.1 MB.
Total: 3.213500 ms (FindLiveObjects: 0.207000 ms CreateObjectMapping: 0.082500 ms MarkObjects: 2.814800 ms  DeleteObjects: 0.107900 ms)

AssetImportParameters requested are different than current active one (requested -> active):
  custom:container-demuxer-ogg: 62fdf1f143b41e24485cea50d1cbac27 -> 
  custom:video-codec-MediaFoundation-h265: 746d11721c4dcdbdad8f713fa42b33f4 -> 
  custom:video-decoder-ogg-theora: a1e56fd34408186e4bbccfd4996cb3dc -> 
  custom:framework-win-MediaFoundation: 216162199b28c13a410421893ffa2e32 -> 
  custom:container-demuxer-webm: 4f35f7cbe854078d1ac9338744f61a02 -> 
  custom:container-muxer-webm: aa71ff27fc2769a1b78a27578f13a17b -> 
  custom:video-decoder-webm-vp8: 9c59270c3fd7afecdb556c50c9e8de78 -> 
  custom:SearchIndexIgnoredProperties: e643bd26f0fe6173181afceb89e7c659 -> 
  custom:AudioImporter_EditorPlatform: d09bf68614088b80899f8185d706f6e7 -> 
  custom:video-encoder-webm-vp8: eb34c28f22e8b96e1ab97ce403110664 -> 
  custom:audio-decoder-ogg-vorbis: bf7c407c2cedff20999df2af8eb42d56 -> 
  custom:audio-encoder-webm-vorbis: bf7c407c2cedff20999df2af8eb42d56 -> 
========================================================================
Received Import Request.
  Time since last request: 166143.882730 seconds.
  path: Assets/Materials/Item1 Material.mat
  artifactKey: Guid(15c86c4112d57184ea8c79aa8bd45a08) Importer(815301076,1909f56bfc062723c751e8b465ee728b)
Start importing Assets/Materials/Item1 Material.mat using Guid(15c86c4112d57184ea8c79aa8bd45a08) Importer(815301076,1909f56bfc062723c751e8b465ee728b)  -> (artifact id: '13c1a5540f3d6854022c22ae0bf0443f') in 0.108590 seconds
Number of updated asset objects reloaded before import = 0
Number of asset objects unloaded after import = 1
========================================================================
Received Import Request.
  Time since last request: 0.000032 seconds.
  path: Assets/Materials/TNT Box Material.mat
  artifactKey: Guid(bb15884c58a7eb6479f76bc6e90e5636) Importer(815301076,1909f56bfc062723c751e8b465ee728b)
Start importing Assets/Materials/TNT Box Material.mat using Guid(bb15884c58a7eb6479f76bc6e90e5636) Importer(815301076,1909f56bfc062723c751e8b465ee728b)  -> (artifact id: '0de370012e1545704a14f0cfc5dc2553') in 0.029907 seconds
Number of updated asset objects reloaded before import = 0
Number of asset objects unloaded after import = 1
========================================================================
Received Import Request.
  Time since last request: 3.119483 seconds.
  path: Assets/Resources/Attacker.prefab
  artifactKey: Guid(2d54a4e0bec37444898157d20e7d8be1) Importer(815301076,1909f56bfc062723c751e8b465ee728b)
Start importing Assets/Resources/Attacker.prefab using Guid(2d54a4e0bec37444898157d20e7d8be1) Importer(815301076,1909f56bfc062723c751e8b465ee728b)  -> (artifact id: '981f126dac3d9aaefd13684ed57ed939') in 0.042954 seconds
Number of updated asset objects reloaded before import = 0
Number of asset objects unloaded after import = 59
========================================================================
Received Import Request.
  Time since last request: 0.348141 seconds.
  path: Assets/Prefabs/ArenaStructure.prefab
  artifactKey: Guid(eafac2c071ac8c04ba88b1ad21bd9839) Importer(815301076,1909f56bfc062723c751e8b465ee728b)
Start importing Assets/Prefabs/ArenaStructure.prefab using Guid(eafac2c071ac8c04ba88b1ad21bd9839) Importer(815301076,1909f56bfc062723c751e8b465ee728b)  -> (artifact id: '8a3182415527171965053b1337bf4193') in 0.019540 seconds
Number of updated asset objects reloaded before import = 0
Number of asset objects unloaded after import = 42
========================================================================
Received Import Request.
  Time since last request: 0.013739 seconds.
  path: Assets/Prefabs/Item1.prefab
  artifactKey: Guid(af0971e96c4c6b54ea7c2491e7204493) Importer(815301076,1909f56bfc062723c751e8b465ee728b)
Start importing Assets/Prefabs/Item1.prefab using Guid(af0971e96c4c6b54ea7c2491e7204493) Importer(815301076,1909f56bfc062723c751e8b465ee728b)  -> (artifact id: 'f0589a4836b773477a0cb67ded1608e2') in 0.048507 seconds
Number of updated asset objects reloaded before import = 0
Number of asset objects unloaded after import = 8
========================================================================
Received Import Request.
  Time since last request: 0.000023 seconds.
  path: Assets/Prefabs/Item2.prefab
  artifactKey: Guid(9c958ae3f5327364da148378252fbd19) Importer(815301076,1909f56bfc062723c751e8b465ee728b)
Start importing Assets/Prefabs/Item2.prefab using Guid(9c958ae3f5327364da148378252fbd19) Importer(815301076,1909f56bfc062723c751e8b465ee728b)  -> (artifact id: '62ec79173817d53066f600e6a8b850f8') in 0.019304 seconds
Number of updated asset objects reloaded before import = 0
Number of asset objects unloaded after import = 8
========================================================================
Received Import Request.
  Time since last request: 14.476616 seconds.
  path: Assets/Scripts/BoxItemController.cs
  artifactKey: Guid(1f445aa7d7bcad741b01e8c100ea2d3c) Importer(815301076,1909f56bfc062723c751e8b465ee728b)
Start importing Assets/Scripts/BoxItemController.cs using Guid(1f445aa7d7bcad741b01e8c100ea2d3c) Importer(815301076,1909f56bfc062723c751e8b465ee728b)  -> (artifact id: '9eaad30fc7d9631d1ca2111939bd15c4') in 0.000784 seconds
Number of updated asset objects reloaded before import = 0
Number of asset objects unloaded after import = 0
========================================================================
Received Import Request.
  Time since last request: 0.492190 seconds.
  path: Assets/Scripts/LobbyManager.cs
  artifactKey: Guid(bf1bb2effa3578a4f87b261e32b2f6e0) Importer(815301076,1909f56bfc062723c751e8b465ee728b)
Start importing Assets/Scripts/LobbyManager.cs using Guid(bf1bb2effa3578a4f87b261e32b2f6e0) Importer(815301076,1909f56bfc062723c751e8b465ee728b)  -> (artifact id: '07cb298e70779a09d29ea4b3acbf2aaf') in 0.000594 seconds
Number of updated asset objects reloaded before import = 0
Number of asset objects unloaded after import = 0
========================================================================
Received Import Request.
  Time since last request: 0.430938 seconds.
  path: Assets/Scripts/Movement.cs
  artifactKey: Guid(5e727da4fa925174dbbe7d1e3ede2474) Importer(815301076,1909f56bfc062723c751e8b465ee728b)
Start importing Assets/Scripts/Movement.cs using Guid(5e727da4fa925174dbbe7d1e3ede2474) Importer(815301076,1909f56bfc062723c751e8b465ee728b)  -> (artifact id: 'fbf19114231e5784b86ef3c63f01f74b') in 0.000553 seconds
Number of updated asset objects reloaded before import = 0
Number of asset objects unloaded after import = 0
========================================================================
Received Import Request.
  Time since last request: 0.459787 seconds.
  path: Assets/Scripts/MultiplayerGame.cs
  artifactKey: Guid(76124d1a9d00f0b449c41a5718eb4a68) Importer(815301076,1909f56bfc062723c751e8b465ee728b)
Start importing Assets/Scripts/MultiplayerGame.cs using Guid(76124d1a9d00f0b449c41a5718eb4a68) Importer(815301076,1909f56bfc062723c751e8b465ee728b)  -> (artifact id: 'a48c6e25f30d71c11813f71d2c47137b') in 0.000589 seconds
Number of updated asset objects reloaded before import = 0
Number of asset objects unloaded after import = 0
========================================================================
Received Import Request.
  Time since last request: 0.518275 seconds.
  path: Assets/Scripts/OctopusWarGameManager.cs
  artifactKey: Guid(a163e0be883e7bb4fb704b1e8869b17e) Importer(815301076,1909f56bfc062723c751e8b465ee728b)
Start importing Assets/Scripts/OctopusWarGameManager.cs using Guid(a163e0be883e7bb4fb704b1e8869b17e) Importer(815301076,1909f56bfc062723c751e8b465ee728b)  -> (artifact id: '90c66a0e920f113009bcffbf46da884f') in 0.000699 seconds
Number of updated asset objects reloaded before import = 0
Number of asset objects unloaded after import = 0
========================================================================
Received Import Request.
  Time since last request: 0.554510 seconds.
  path: Assets/Scripts/PlayerSelectionManager.cs
  artifactKey: Guid(5d70582d13bf4774281091b2b44d4a47) Importer(815301076,1909f56bfc062723c751e8b465ee728b)
Start importing Assets/Scripts/PlayerSelectionManager.cs using Guid(5d70582d13bf4774281091b2b44d4a47) Importer(815301076,1909f56bfc062723c751e8b465ee728b)  -> (artifact id: 'cf85d46cf8f619eb9b771b399a0584f6') in 0.000553 seconds
Number of updated asset objects reloaded before import = 0
Number of asset objects unloaded after import = 0
========================================================================
Received Import Request.
  Time since last request: 0.617735 seconds.
  path: Assets/Scripts/SceneLoader.cs
  artifactKey: Guid(391c3574b67a313489c6a8db3b0eea46) Importer(815301076,1909f56bfc062723c751e8b465ee728b)
Start importing Assets/Scripts/SceneLoader.cs using Guid(391c3574b67a313489c6a8db3b0eea46) Importer(815301076,1909f56bfc062723c751e8b465ee728b)  -> (artifact id: '0382ddb9cfdc85088ea221a0f92c9edf') in 0.000613 seconds
Number of updated asset objects reloaded before import = 0
Number of asset objects unloaded after import = 0
========================================================================
Received Import Request.
  Time since last request: 0.697788 seconds.
  path: Assets/Scripts/Singleton.cs
  artifactKey: Guid(a6a1b90b7ea5ba1499db8f447fe8bae9) Importer(815301076,1909f56bfc062723c751e8b465ee728b)
Start importing Assets/Scripts/Singleton.cs using Guid(a6a1b90b7ea5ba1499db8f447fe8bae9) Importer(815301076,1909f56bfc062723c751e8b465ee728b)  -> (artifact id: '8e5b265dbcccbc9c60b2bec27367c09e') in 0.000724 seconds
Number of updated asset objects reloaded before import = 0
Number of asset objects unloaded after import = 0
========================================================================
Received Import Request.
  Time since last request: 0.678652 seconds.
  path: Assets/Scripts/SpawnManager.cs
  artifactKey: Guid(89635fffe6044284498763b04dcc6605) Importer(815301076,1909f56bfc062723c751e8b465ee728b)
Start importing Assets/Scripts/SpawnManager.cs using Guid(89635fffe6044284498763b04dcc6605) Importer(815301076,1909f56bfc062723c751e8b465ee728b)  -> (artifact id: 'bfebd2f5bd27e75817985e70f614df51') in 0.000585 seconds
Number of updated asset objects reloaded before import = 0
Number of asset objects unloaded after import = 0
========================================================================
Received Import Request.
  Time since last request: 1.395841 seconds.
  path: Assets/Scripts/SpinningTopsGameManager.cs
  artifactKey: Guid(9992c050797e55c4b8a5d10414c989e7) Importer(815301076,1909f56bfc062723c751e8b465ee728b)
Start importing Assets/Scripts/SpinningTopsGameManager.cs using Guid(9992c050797e55c4b8a5d10414c989e7) Importer(815301076,1909f56bfc062723c751e8b465ee728b)  -> (artifact id: '6efa52494ec228d92e75272463365cdc') in 0.000762 seconds
Number of updated asset objects reloaded before import = 0
Number of asset objects unloaded after import = 0
========================================================================
Received Import Request.
  Time since last request: 25.075226 seconds.
  path: Assets/UI/Background_Blurred.png
  artifactKey: Guid(e8c0b045c4db7634ea0c6e22bbf32494) Importer(815301076,1909f56bfc062723c751e8b465ee728b)
Start importing Assets/UI/Background_Blurred.png using Guid(e8c0b045c4db7634ea0c6e22bbf32494) Importer(815301076,1909f56bfc062723c751e8b465ee728b)  -> (artifact id: '820bf647f22fbe2ce75afd1a28ed0d2b') in 0.085048 seconds
Number of updated asset objects reloaded before import = 0
Number of asset objects unloaded after import = 3
========================================================================
Received Import Request.
  Time since last request: 23.555262 seconds.
  path: Assets/Fonts/ethnocentric rg.ttf
  artifactKey: Guid(fc76f944702d372449f68129a076dd71) Importer(815301076,1909f56bfc062723c751e8b465ee728b)
Start importing Assets/Fonts/ethnocentric rg.ttf using Guid(fc76f944702d372449f68129a076dd71) Importer(815301076,1909f56bfc062723c751e8b465ee728b)  -> (artifact id: 'a0109133e7df0f2b8c9341642b11aefb') in 0.049686 seconds
Number of updated asset objects reloaded before import = 0
Number of asset objects unloaded after import = 4
========================================================================
Received Prepare
Refreshing native plugins compatible for Editor in 3.28 ms, found 3 plugins.
Preloading 0 native plugins for Editor in 0.00 ms.
Unloading 0 Unused Serialized files (Serialized files now loaded: 0)
Unloading 0 unused Assets / (0 B). Loaded Objects now: 3890.
Memory consumption went from 80.5 MB to 80.5 MB.
Total: 3.829600 ms (FindLiveObjects: 0.312100 ms CreateObjectMapping: 0.115300 ms MarkObjects: 3.378900 ms  DeleteObjects: 0.022300 ms)

Prepare: number of updated asset objects reloaded= 0
AssetImportParameters requested are different than current active one (requested -> active):
  custom:container-demuxer-ogg: 62fdf1f143b41e24485cea50d1cbac27 -> 
  custom:video-codec-MediaFoundation-h265: 746d11721c4dcdbdad8f713fa42b33f4 -> 
  custom:video-decoder-ogg-theora: a1e56fd34408186e4bbccfd4996cb3dc -> 
  custom:framework-win-MediaFoundation: 216162199b28c13a410421893ffa2e32 -> 
  custom:CustomObjectIndexerAttribute: 756ad292c208cfabdd7b50bc23989ffe -> 
  custom:container-demuxer-webm: 4f35f7cbe854078d1ac9338744f61a02 -> 
  custom:container-muxer-webm: aa71ff27fc2769a1b78a27578f13a17b -> 
  custom:video-decoder-webm-vp8: 9c59270c3fd7afecdb556c50c9e8de78 -> 
  custom:SearchIndexIgnoredProperties: e643bd26f0fe6173181afceb89e7c659 -> 
  custom:AudioImporter_EditorPlatform: d09bf68614088b80899f8185d706f6e7 -> 
  custom:video-encoder-webm-vp8: eb34c28f22e8b96e1ab97ce403110664 -> 
  custom:audio-decoder-ogg-vorbis: bf7c407c2cedff20999df2af8eb42d56 -> 
  custom:audio-encoder-webm-vorbis: bf7c407c2cedff20999df2af8eb42d56 -> 
========================================================================
Received Import Request.
  Time since last request: 121.973202 seconds.
  path: Assets/Scenes/BattleArena 1.unity
  artifactKey: Guid(9fc0d4010bbf28b4594072e72b8655ab) Importer(815301076,1909f56bfc062723c751e8b465ee728b)
Start importing Assets/Scenes/BattleArena 1.unity using Guid(9fc0d4010bbf28b4594072e72b8655ab) Importer(815301076,1909f56bfc062723c751e8b465ee728b)  -> (artifact id: 'bd09d6ddbc5892140928391eeb511fa5') in 0.008833 seconds
Number of updated asset objects reloaded before import = 0
Number of asset objects unloaded after import = 0
